<?xml version="1.0" encoding="UTF-8"?>
<!-- Generated by org.testng.reporters.JUnitXMLReporter -->
<testsuite ignored="0" hostname="DESKTOP-9EUEAEG" failures="0" tests="4" name="Surefire test" time="13.883" errors="0" timestamp="2024-09-05T11:44:14 IST">
  <testcase classname="api.tests.UserTest" name="createUser" time="4.762"/>
  <testcase classname="api.tests.UserTest" name="getUser" time="3.297"/>
  <testcase classname="api.tests.UserTest" name="updateUser" time="2.176"/>
  <testcase classname="api.tests.UserTest" name="deleteUser" time="3.334"/>
</testsuite> <!-- Surefire test -->
