<?xml version="1.0" encoding="UTF-8"?>
<!-- Generated by org.testng.reporters.JUnitXMLReporter -->
<testsuite ignored="0" hostname="DESKTOP-9EUEAEG" failures="0" tests="4" name="Default test" time="8.651" errors="0" timestamp="2024-09-05T22:13:19 IST">
  <testcase classname="api.tests.PetTest" name="createPet" time="3.878"/>
  <testcase classname="api.tests.PetTest" name="getPet" time="1.55"/>
  <testcase classname="api.tests.PetTest" name="updatePet" time="1.535"/>
  <testcase classname="api.tests.PetTest" name="deletePet" time="1.634"/>
</testsuite> <!-- Default test -->
