<?xml version="1.0" encoding="UTF-8"?>
<!-- Generated by org.testng.reporters.JUnitXMLReporter -->
<testsuite ignored="0" hostname="DESKTOP-9EUEAEG" failures="0" tests="12" name="Default test" time="23.399" errors="0" timestamp="2024-09-05T21:54:37 IST">
  <testcase classname="api.tests.PetDD" name="createPet" time="3.484"/>
  <testcase classname="api.tests.PetDD" name="createPet" time="1.518"/>
  <testcase classname="api.tests.PetDD" name="createPet" time="1.582"/>
  <testcase classname="api.tests.PetDD" name="createPet" time="1.642"/>
  <testcase classname="api.tests.PetDD" name="createPet" time="1.621"/>
  <testcase classname="api.tests.PetDD" name="createPet" time="1.536"/>
  <testcase classname="api.tests.PetDD" name="deletePet" time="1.566"/>
  <testcase classname="api.tests.PetDD" name="deletePet" time="1.611"/>
  <testcase classname="api.tests.PetDD" name="deletePet" time="1.606"/>
  <testcase classname="api.tests.PetDD" name="deletePet" time="1.529"/>
  <testcase classname="api.tests.PetDD" name="deletePet" time="1.553"/>
  <testcase classname="api.tests.PetDD" name="deletePet" time="1.726"/>
</testsuite> <!-- Default test -->
