<?xml version="1.0" encoding="UTF-8"?>
<!-- Generated by org.testng.reporters.JUnitXMLReporter -->
<testsuite ignored="0" hostname="DESKTOP-9EUEAEG" failures="0" tests="24" name="Test" time="43.93" errors="0" timestamp="2024-09-05T22:14:31 IST">
  <testcase classname="api.tests.UserDDTest" name="createUser" time="3.598"/>
  <testcase classname="api.tests.UserDDTest" name="createUser" time="1.539"/>
  <testcase classname="api.tests.UserDDTest" name="createUser" time="1.577"/>
  <testcase classname="api.tests.UserDDTest" name="createUser" time="1.536"/>
  <testcase classname="api.tests.UserDDTest" name="createUser" time="1.632"/>
  <testcase classname="api.tests.UserDDTest" name="createUser" time="1.635"/>
  <testcase classname="api.tests.UserDDTest" name="deleteUser" time="1.582"/>
  <testcase classname="api.tests.UserDDTest" name="deleteUser" time="1.644"/>
  <testcase classname="api.tests.UserDDTest" name="deleteUser" time="1.631"/>
  <testcase classname="api.tests.UserDDTest" name="deleteUser" time="1.533"/>
  <testcase classname="api.tests.UserDDTest" name="deleteUser" time="1.532"/>
  <testcase classname="api.tests.UserDDTest" name="deleteUser" time="1.531"/>
  <testcase classname="api.tests.PetDDTest" name="createPet" time="1.604"/>
  <testcase classname="api.tests.PetDDTest" name="createPet" time="1.631"/>
  <testcase classname="api.tests.PetDDTest" name="createPet" time="1.634"/>
  <testcase classname="api.tests.PetDDTest" name="createPet" time="1.638"/>
  <testcase classname="api.tests.PetDDTest" name="createPet" time="1.624"/>
  <testcase classname="api.tests.PetDDTest" name="createPet" time="1.541"/>
  <testcase classname="api.tests.PetDDTest" name="deletePet" time="1.539"/>
  <testcase classname="api.tests.PetDDTest" name="deletePet" time="1.538"/>
  <testcase classname="api.tests.PetDDTest" name="deletePet" time="1.538"/>
  <testcase classname="api.tests.PetDDTest" name="deletePet" time="1.739"/>
  <testcase classname="api.tests.PetDDTest" name="deletePet" time="1.533"/>
  <testcase classname="api.tests.PetDDTest" name="deletePet" time="1.634"/>
</testsuite> <!-- Test -->
