<?xml version="1.0" encoding="UTF-8"?>
<!-- Generated by org.testng.reporters.JUnitXMLReporter -->
<testsuite ignored="0" hostname="DESKTOP-9EUEAEG" failures="0" tests="12" name="Test" time="40.476" errors="0" timestamp="2024-09-05T11:02:15 IST">
  <testcase classname="api.tests.UserDD" name="createUser" time="4.549"/>
  <testcase classname="api.tests.UserDD" name="createUser" time="2.583"/>
  <testcase classname="api.tests.UserDD" name="createUser" time="2.857"/>
  <testcase classname="api.tests.UserDD" name="createUser" time="2.886"/>
  <testcase classname="api.tests.UserDD" name="createUser" time="2.317"/>
  <testcase classname="api.tests.UserDD" name="createUser" time="2.213"/>
  <testcase classname="api.tests.UserDD" name="deleteUser" time="3.393"/>
  <testcase classname="api.tests.UserDD" name="deleteUser" time="3.283"/>
  <testcase classname="api.tests.UserDD" name="deleteUser" time="3.194"/>
  <testcase classname="api.tests.UserDD" name="deleteUser" time="3.39"/>
  <testcase classname="api.tests.UserDD" name="deleteUser" time="3.991"/>
  <testcase classname="api.tests.UserDD" name="deleteUser" time="3.485"/>
</testsuite> <!-- Test -->
