<?xml version="1.0" encoding="UTF-8"?>
<testng-results ignored="0" total="4" passed="4" failed="0" skipped="0">
  <reporter-output>
  </reporter-output>
  <suite started-at="2024-09-05T11:44:00 IST" name="Surefire suite" finished-at="2024-09-05T11:44:14 IST" duration-ms="13883">
    <groups>
    </groups>
    <test started-at="2024-09-05T11:44:00 IST" name="Surefire test" finished-at="2024-09-05T11:44:14 IST" duration-ms="13883">
      <class name="api.tests.UserTest">
        <test-method is-config="true" signature="UserSetup()[pri:0, instance:api.tests.UserTest@3a93b025]" started-at="2024-09-05T11:44:00 IST" name="UserSetup" finished-at="2024-09-05T11:44:00 IST" duration-ms="251" status="PASS">
          <reporter-output>
          </reporter-output>
        </test-method> <!-- UserSetup -->
        <test-method signature="createUser()[pri:1, instance:api.tests.UserTest@3a93b025]" started-at="2024-09-05T11:44:00 IST" name="createUser" finished-at="2024-09-05T11:44:05 IST" duration-ms="4762" status="PASS">
          <reporter-output>
          </reporter-output>
        </test-method> <!-- createUser -->
        <test-method signature="getUser()[pri:2, instance:api.tests.UserTest@3a93b025]" started-at="2024-09-05T11:44:05 IST" name="getUser" finished-at="2024-09-05T11:44:08 IST" duration-ms="3297" status="PASS">
          <reporter-output>
          </reporter-output>
        </test-method> <!-- getUser -->
        <test-method signature="updateUser()[pri:3, instance:api.tests.UserTest@3a93b025]" started-at="2024-09-05T11:44:08 IST" name="updateUser" finished-at="2024-09-05T11:44:10 IST" duration-ms="2176" status="PASS">
          <reporter-output>
          </reporter-output>
        </test-method> <!-- updateUser -->
        <test-method signature="deleteUser()[pri:4, instance:api.tests.UserTest@3a93b025]" started-at="2024-09-05T11:44:10 IST" name="deleteUser" finished-at="2024-09-05T11:44:14 IST" duration-ms="3334" status="PASS">
          <reporter-output>
          </reporter-output>
        </test-method> <!-- deleteUser -->
      </class> <!-- api.tests.UserTest -->
    </test> <!-- Surefire test -->
  </suite> <!-- Surefire suite -->
</testng-results>
