<?xml version="1.0" encoding="UTF-8"?>
<testsuite xmlns:xsi="http://www.w3.org/2001/XMLSchema-instance" xsi:noNamespaceSchemaLocation="https://maven.apache.org/surefire/maven-surefire-plugin/xsd/surefire-test-report.xsd" version="3.0.2" name="api.tests.UserTest" time="14.679" tests="4" errors="0" skipped="0" failures="0">
  <properties>
[...]
</properties>
  <testcase name="createUser" classname="api.tests.UserTest" time="4.757">
    <system-out><![CDATA[Request method:	POST
Request URI:	https://petstore.swagger.io/v2/user
Proxy:			<none>
Request params:	<none>
Query params:	<none>
Form params:	<none>
Path params:	<none>
Headers:		Accept=application/json
				Content-Type=application/json
Cookies:		<none>
Multiparts:		<none>
Body:
{
    "id": 536122141,
    "username": "sammy.yundt",
    "firstName": "Taylor",
    "lastName": "Mertz",
    "email": "erich.homenick@example.com",
    "password": "gjuwho6",
    "phone": "1-282-758-7654",
    "userStatus": 0
}
]]></system-out>
    <system-err><![CDATA[SLF4J: Failed to load class "org.slf4j.impl.StaticLoggerBinder".
SLF4J: Defaulting to no-operation (NOP) logger implementation
SLF4J: See http://www.slf4j.org/codes.html#StaticLoggerBinder for further details.
]]></system-err>
  </testcase>
  <testcase name="getUser" classname="api.tests.UserTest" time="3.302">
    <system-out><![CDATA[HTTP/1.1 200 OK
Date: Thu, 05 Sep 2024 06:14:08 GMT
Content-Type: application/json
Transfer-Encoding: chunked
Connection: keep-alive
Access-Control-Allow-Origin: *
Access-Control-Allow-Methods: GET, POST, DELETE, PUT
Access-Control-Allow-Headers: Content-Type, api_key, Authorization
Server: Jetty(9.2.9.v20150224)

{
    "id": 536122141,
    "username": "sammy.yundt",
    "firstName": "Taylor",
    "lastName": "Mertz",
    "email": "erich.homenick@example.com",
    "password": "gjuwho6",
    "phone": "1-282-758-7654",
    "userStatus": 0
}
]]></system-out>
  </testcase>
  <testcase name="updateUser" classname="api.tests.UserTest" time="2.174">
    <system-out><![CDATA[Request method:	PUT
Request URI:	https://petstore.swagger.io/v2/user/sammy.yundt
Proxy:			<none>
Request params:	<none>
Query params:	<none>
Form params:	<none>
Path params:	username=sammy.yundt
Headers:		Accept=application/json
				Content-Type=application/json
Cookies:		<none>
Multiparts:		<none>
Body:
{
    "id": 536122141,
    "username": "sammy.yundt",
    "firstName": "Keri",
    "lastName": "Prosacco",
    "email": "erich.homenick@example.com",
    "password": "gjuwho6",
    "phone": "1-282-758-7654",
    "userStatus": 0
}
HTTP/1.1 200 OK
Date: Thu, 05 Sep 2024 06:14:12 GMT
Content-Type: application/json
Transfer-Encoding: chunked
Connection: keep-alive
Access-Control-Allow-Origin: *
Access-Control-Allow-Methods: GET, POST, DELETE, PUT
Access-Control-Allow-Headers: Content-Type, api_key, Authorization
Server: Jetty(9.2.9.v20150224)

{
    "code": 200,
    "type": "unknown",
    "message": "536122141"
}
]]></system-out>
  </testcase>
  <testcase name="deleteUser" classname="api.tests.UserTest" time="3.345">
    <system-out><![CDATA[HTTP/1.1 200 OK
Date: Thu, 05 Sep 2024 06:14:14 GMT
Content-Type: application/json
Transfer-Encoding: chunked
Connection: keep-alive
Access-Control-Allow-Origin: *
Access-Control-Allow-Methods: GET, POST, DELETE, PUT
Access-Control-Allow-Headers: Content-Type, api_key, Authorization
Server: Jetty(9.2.9.v20150224)

{
    "code": 200,
    "type": "unknown",
    "message": "sammy.yundt"
}
]]></system-out>
  </testcase>
</testsuite>