<?xml version="1.0" encoding="UTF-8"?>
<testng-results ignored="0" total="12" passed="12" failed="0" skipped="0">
  <reporter-output>
  </reporter-output>
  <suite started-at="2024-09-05T11:01:35 IST" name="Suite" finished-at="2024-09-05T11:02:15 IST" duration-ms="40476">
    <groups>
    </groups>
    <test started-at="2024-09-05T11:01:35 IST" name="Test" finished-at="2024-09-05T11:02:15 IST" duration-ms="40476">
      <class name="api.tests.UserDD">
        <test-method signature="createUser(java.lang.String,java.lang.String,java.lang.String,java.lang.String,java.lang.String,java.lang.String,java.lang.String)[pri:1, instance:api.tests.UserDD@7bab3f1a]" started-at="2024-09-05T11:01:37 IST" name="createUser" data-provider="Data" finished-at="2024-09-05T11:01:41 IST" duration-ms="4549" status="PASS">
          <params>
            <param index="0">
              <value>
                <![CDATA[1010]]>
              </value>
            </param>
            <param index="1">
              <value>
                <![CDATA[TESTUSER1]]>
              </value>
            </param>
            <param index="2">
              <value>
                <![CDATA[RAM]]>
              </value>
            </param>
            <param index="3">
              <value>
                <![CDATA[GITA]]>
              </value>
            </param>
            <param index="4">
              <value>
                <![CDATA[aa@gmail.com]]>
              </value>
            </param>
            <param index="5">
              <value>
                <![CDATA[test@1]]>
              </value>
            </param>
            <param index="6">
              <value>
                <![CDATA[123456789]]>
              </value>
            </param>
          </params>
          <reporter-output>
          </reporter-output>
        </test-method> <!-- createUser -->
        <test-method signature="createUser(java.lang.String,java.lang.String,java.lang.String,java.lang.String,java.lang.String,java.lang.String,java.lang.String)[pri:1, instance:api.tests.UserDD@7bab3f1a]" started-at="2024-09-05T11:01:41 IST" name="createUser" data-provider="Data" finished-at="2024-09-05T11:01:44 IST" duration-ms="2583" status="PASS">
          <params>
            <param index="0">
              <value>
                <![CDATA[1011]]>
              </value>
            </param>
            <param index="1">
              <value>
                <![CDATA[TESTUSER2]]>
              </value>
            </param>
            <param index="2">
              <value>
                <![CDATA[SITA]]>
              </value>
            </param>
            <param index="3">
              <value>
                <![CDATA[JANNU]]>
              </value>
            </param>
            <param index="4">
              <value>
                <![CDATA[bb@gmail.com]]>
              </value>
            </param>
            <param index="5">
              <value>
                <![CDATA[test@2]]>
              </value>
            </param>
            <param index="6">
              <value>
                <![CDATA[123456790]]>
              </value>
            </param>
          </params>
          <reporter-output>
          </reporter-output>
        </test-method> <!-- createUser -->
        <test-method signature="createUser(java.lang.String,java.lang.String,java.lang.String,java.lang.String,java.lang.String,java.lang.String,java.lang.String)[pri:1, instance:api.tests.UserDD@7bab3f1a]" started-at="2024-09-05T11:01:44 IST" name="createUser" data-provider="Data" finished-at="2024-09-05T11:01:47 IST" duration-ms="2857" status="PASS">
          <params>
            <param index="0">
              <value>
                <![CDATA[1012]]>
              </value>
            </param>
            <param index="1">
              <value>
                <![CDATA[TESTUSER3]]>
              </value>
            </param>
            <param index="2">
              <value>
                <![CDATA[LAVA]]>
              </value>
            </param>
            <param index="3">
              <value>
                <![CDATA[CAKE]]>
              </value>
            </param>
            <param index="4">
              <value>
                <![CDATA[cc@gmail.com]]>
              </value>
            </param>
            <param index="5">
              <value>
                <![CDATA[test@3]]>
              </value>
            </param>
            <param index="6">
              <value>
                <![CDATA[123456791]]>
              </value>
            </param>
          </params>
          <reporter-output>
          </reporter-output>
        </test-method> <!-- createUser -->
        <test-method signature="createUser(java.lang.String,java.lang.String,java.lang.String,java.lang.String,java.lang.String,java.lang.String,java.lang.String)[pri:1, instance:api.tests.UserDD@7bab3f1a]" started-at="2024-09-05T11:01:47 IST" name="createUser" data-provider="Data" finished-at="2024-09-05T11:01:50 IST" duration-ms="2886" status="PASS">
          <params>
            <param index="0">
              <value>
                <![CDATA[1013]]>
              </value>
            </param>
            <param index="1">
              <value>
                <![CDATA[TESTUSER4]]>
              </value>
            </param>
            <param index="2">
              <value>
                <![CDATA[HONEY]]>
              </value>
            </param>
            <param index="3">
              <value>
                <![CDATA[CHOCOLATE]]>
              </value>
            </param>
            <param index="4">
              <value>
                <![CDATA[dd@gmail.com]]>
              </value>
            </param>
            <param index="5">
              <value>
                <![CDATA[test@4]]>
              </value>
            </param>
            <param index="6">
              <value>
                <![CDATA[123456792]]>
              </value>
            </param>
          </params>
          <reporter-output>
          </reporter-output>
        </test-method> <!-- createUser -->
        <test-method signature="createUser(java.lang.String,java.lang.String,java.lang.String,java.lang.String,java.lang.String,java.lang.String,java.lang.String)[pri:1, instance:api.tests.UserDD@7bab3f1a]" started-at="2024-09-05T11:01:50 IST" name="createUser" data-provider="Data" finished-at="2024-09-05T11:01:52 IST" duration-ms="2317" status="PASS">
          <params>
            <param index="0">
              <value>
                <![CDATA[1014]]>
              </value>
            </param>
            <param index="1">
              <value>
                <![CDATA[TESTUSER5]]>
              </value>
            </param>
            <param index="2">
              <value>
                <![CDATA[MONEY]]>
              </value>
            </param>
            <param index="3">
              <value>
                <![CDATA[DONE]]>
              </value>
            </param>
            <param index="4">
              <value>
                <![CDATA[ee@gmail.com]]>
              </value>
            </param>
            <param index="5">
              <value>
                <![CDATA[test@5]]>
              </value>
            </param>
            <param index="6">
              <value>
                <![CDATA[123456793]]>
              </value>
            </param>
          </params>
          <reporter-output>
          </reporter-output>
        </test-method> <!-- createUser -->
        <test-method signature="createUser(java.lang.String,java.lang.String,java.lang.String,java.lang.String,java.lang.String,java.lang.String,java.lang.String)[pri:1, instance:api.tests.UserDD@7bab3f1a]" started-at="2024-09-05T11:01:52 IST" name="createUser" data-provider="Data" finished-at="2024-09-05T11:01:54 IST" duration-ms="2213" status="PASS">
          <params>
            <param index="0">
              <value>
                <![CDATA[1015]]>
              </value>
            </param>
            <param index="1">
              <value>
                <![CDATA[TESTUSER6]]>
              </value>
            </param>
            <param index="2">
              <value>
                <![CDATA[HYNI]]>
              </value>
            </param>
            <param index="3">
              <value>
                <![CDATA[YOU]]>
              </value>
            </param>
            <param index="4">
              <value>
                <![CDATA[dd@gmail.com]]>
              </value>
            </param>
            <param index="5">
              <value>
                <![CDATA[test@6]]>
              </value>
            </param>
            <param index="6">
              <value>
                <![CDATA[123456794]]>
              </value>
            </param>
          </params>
          <reporter-output>
          </reporter-output>
        </test-method> <!-- createUser -->
        <test-method signature="deleteUser(java.lang.String)[pri:2, instance:api.tests.UserDD@7bab3f1a]" started-at="2024-09-05T11:01:54 IST" name="deleteUser" data-provider="UserNames" finished-at="2024-09-05T11:01:58 IST" duration-ms="3393" status="PASS">
          <params>
            <param index="0">
              <value>
                <![CDATA[TESTUSER1]]>
              </value>
            </param>
          </params>
          <reporter-output>
          </reporter-output>
        </test-method> <!-- deleteUser -->
        <test-method signature="deleteUser(java.lang.String)[pri:2, instance:api.tests.UserDD@7bab3f1a]" started-at="2024-09-05T11:01:58 IST" name="deleteUser" data-provider="UserNames" finished-at="2024-09-05T11:02:01 IST" duration-ms="3283" status="PASS">
          <params>
            <param index="0">
              <value>
                <![CDATA[TESTUSER2]]>
              </value>
            </param>
          </params>
          <reporter-output>
          </reporter-output>
        </test-method> <!-- deleteUser -->
        <test-method signature="deleteUser(java.lang.String)[pri:2, instance:api.tests.UserDD@7bab3f1a]" started-at="2024-09-05T11:02:01 IST" name="deleteUser" data-provider="UserNames" finished-at="2024-09-05T11:02:04 IST" duration-ms="3194" status="PASS">
          <params>
            <param index="0">
              <value>
                <![CDATA[TESTUSER3]]>
              </value>
            </param>
          </params>
          <reporter-output>
          </reporter-output>
        </test-method> <!-- deleteUser -->
        <test-method signature="deleteUser(java.lang.String)[pri:2, instance:api.tests.UserDD@7bab3f1a]" started-at="2024-09-05T11:02:04 IST" name="deleteUser" data-provider="UserNames" finished-at="2024-09-05T11:02:08 IST" duration-ms="3390" status="PASS">
          <params>
            <param index="0">
              <value>
                <![CDATA[TESTUSER4]]>
              </value>
            </param>
          </params>
          <reporter-output>
          </reporter-output>
        </test-method> <!-- deleteUser -->
        <test-method signature="deleteUser(java.lang.String)[pri:2, instance:api.tests.UserDD@7bab3f1a]" started-at="2024-09-05T11:02:08 IST" name="deleteUser" data-provider="UserNames" finished-at="2024-09-05T11:02:12 IST" duration-ms="3991" status="PASS">
          <params>
            <param index="0">
              <value>
                <![CDATA[TESTUSER5]]>
              </value>
            </param>
          </params>
          <reporter-output>
          </reporter-output>
        </test-method> <!-- deleteUser -->
        <test-method signature="deleteUser(java.lang.String)[pri:2, instance:api.tests.UserDD@7bab3f1a]" started-at="2024-09-05T11:02:12 IST" name="deleteUser" data-provider="UserNames" finished-at="2024-09-05T11:02:15 IST" duration-ms="3485" status="PASS">
          <params>
            <param index="0">
              <value>
                <![CDATA[TESTUSER6]]>
              </value>
            </param>
          </params>
          <reporter-output>
          </reporter-output>
        </test-method> <!-- deleteUser -->
      </class> <!-- api.tests.UserDD -->
    </test> <!-- Test -->
  </suite> <!-- Suite -->
</testng-results>
